2017/03/24 15:39:42 [error] [exception.CException] exception 'CException' with message 'Property "Admin.id" is not defined.' in E:\xampp\htdocs\yii\framework\base\CComponent.php:130
Stack trace:
#0 E:\xampp\htdocs\yii\framework\db\ar\CActiveRecord.php(145): CComponent->__get('id')
#1 E:\xampp\htdocs\testk24\protected\components\UserIdentity.php(29): CActiveRecord->__get('id')
#2 E:\xampp\htdocs\testk24\protected\models\LoginForm.php(52): UserIdentity->authenticate()
#3 E:\xampp\htdocs\yii\framework\validators\CInlineValidator.php(42): LoginForm->authenticate('password', Array)
#4 E:\xampp\htdocs\yii\framework\validators\CValidator.php(201): CInlineValidator->validateAttribute(Object(LoginForm), 'password')
#5 E:\xampp\htdocs\yii\framework\base\CModel.php(159): CValidator->validate(Object(LoginForm), NULL)
#6 E:\xampp\htdocs\testk24\protected\controllers\SiteController.php(94): CModel->validate()
#7 E:\xampp\htdocs\yii\framework\web\actions\CInlineAction.php(49): SiteController->actionLogin()
#8 E:\xampp\htdocs\yii\framework\web\CController.php(308): CInlineAction->runWithParams(Array)
#9 E:\xampp\htdocs\yii\framework\web\CController.php(286): CController->runAction(Object(CInlineAction))
#10 E:\xampp\htdocs\yii\framework\web\CController.php(265): CController->runActionWithFilters(Object(CInlineAction), Array)
#11 E:\xampp\htdocs\yii\framework\web\CWebApplication.php(282): CController->run('login')
#12 E:\xampp\htdocs\yii\framework\web\CWebApplication.php(141): CWebApplication->runController('site/login')
#13 E:\xampp\htdocs\yii\framework\base\CApplication.php(185): CWebApplication->processRequest()
#14 E:\xampp\htdocs\testk24\index.php(13): CApplication->run()
#15 {main}
REQUEST_URI=/testk24/index.php?r=site/login
HTTP_REFERER=http://localhost:8080/testk24/index.php?r=site/login
---
2017/03/24 15:51:17 [error] [exception.CHttpException.404] exception 'CHttpException' with message 'The system is unable to find the requested action "index.php?r=admin".' in E:\xampp\htdocs\yii\framework\web\CController.php:483
Stack trace:
#0 E:\xampp\htdocs\yii\framework\web\CController.php(270): CController->missingAction('index.php?r=adm...')
#1 E:\xampp\htdocs\yii\framework\web\CWebApplication.php(282): CController->run('index.php?r=adm...')
#2 E:\xampp\htdocs\yii\framework\web\CWebApplication.php(141): CWebApplication->runController('site/index.php?...')
#3 E:\xampp\htdocs\yii\framework\base\CApplication.php(185): CWebApplication->processRequest()
#4 E:\xampp\htdocs\testk24\index.php(13): CApplication->run()
#5 {main}
REQUEST_URI=/testk24/index.php?r=site/index.php?r=admin
HTTP_REFERER=http://localhost:8080/testk24/index.php?r=admin
---
2017/03/24 15:52:32 [error] [exception.CHttpException.404] exception 'CHttpException' with message 'The system is unable to find the requested action "admin".' in E:\xampp\htdocs\yii\framework\web\CController.php:483
Stack trace:
#0 E:\xampp\htdocs\yii\framework\web\CController.php(270): CController->missingAction('admin')
#1 E:\xampp\htdocs\yii\framework\web\CWebApplication.php(282): CController->run('admin')
#2 E:\xampp\htdocs\yii\framework\web\CWebApplication.php(141): CWebApplication->runController('site/admin')
#3 E:\xampp\htdocs\yii\framework\base\CApplication.php(185): CWebApplication->processRequest()
#4 E:\xampp\htdocs\testk24\index.php(13): CApplication->run()
#5 {main}
REQUEST_URI=/testk24/index.php?r=site/admin
HTTP_REFERER=http://localhost:8080/testk24/index.php?r=admin
---
2017/03/24 16:22:40 [error] [exception.CHttpException.404] exception 'CHttpException' with message 'Unable to resolve the request "Login".' in E:\xampp\htdocs\yii\framework\web\CWebApplication.php:286
Stack trace:
#0 E:\xampp\htdocs\yii\framework\web\CWebApplication.php(141): CWebApplication->runController('Login')
#1 E:\xampp\htdocs\yii\framework\base\CApplication.php(185): CWebApplication->processRequest()
#2 E:\xampp\htdocs\testk24\index.php(13): CApplication->run()
#3 {main}
REQUEST_URI=/testk24/index.php?r=Login
HTTP_REFERER=http://localhost:8080/testk24/index.php
---
2017/03/24 16:46:18 [error] [exception.CHttpException.403] exception 'CHttpException' with message 'You are not authorized to perform this action.' in E:\xampp\htdocs\yii\framework\web\auth\CAccessControlFilter.php:182
Stack trace:
#0 E:\xampp\htdocs\yii\framework\web\auth\CAccessControlFilter.php(145): CAccessControlFilter->accessDenied(Object(CWebUser), 'You are not aut...')
#1 E:\xampp\htdocs\yii\framework\web\filters\CFilter.php(38): CAccessControlFilter->preFilter(Object(CFilterChain))
#2 E:\xampp\htdocs\yii\framework\web\CController.php(1145): CFilter->filter(Object(CFilterChain))
#3 E:\xampp\htdocs\yii\framework\web\filters\CInlineFilter.php(58): CController->filterAccessControl(Object(CFilterChain))
#4 E:\xampp\htdocs\yii\framework\web\filters\CFilterChain.php(130): CInlineFilter->filter(Object(CFilterChain))
#5 E:\xampp\htdocs\yii\framework\web\CController.php(291): CFilterChain->run()
#6 E:\xampp\htdocs\yii\framework\web\CController.php(265): CController->runActionWithFilters(Object(CInlineAction), Array)
#7 E:\xampp\htdocs\yii\framework\web\CWebApplication.php(282): CController->run('admin')
#8 E:\xampp\htdocs\yii\framework\web\CWebApplication.php(141): CWebApplication->runController('admin/admin')
#9 E:\xampp\htdocs\yii\framework\base\CApplication.php(185): CWebApplication->processRequest()
#10 E:\xampp\htdocs\testk24\index.php(13): CApplication->run()
#11 {main}
REQUEST_URI=/testk24/index.php?r=admin/admin
HTTP_REFERER=http://localhost:8080/testk24/index.php?r=admin/view&id=2
---
2017/03/24 16:46:34 [error] [exception.CHttpException.403] exception 'CHttpException' with message 'You are not authorized to perform this action.' in E:\xampp\htdocs\yii\framework\web\auth\CAccessControlFilter.php:182
Stack trace:
#0 E:\xampp\htdocs\yii\framework\web\auth\CAccessControlFilter.php(145): CAccessControlFilter->accessDenied(Object(CWebUser), 'You are not aut...')
#1 E:\xampp\htdocs\yii\framework\web\filters\CFilter.php(38): CAccessControlFilter->preFilter(Object(CFilterChain))
#2 E:\xampp\htdocs\yii\framework\web\CController.php(1145): CFilter->filter(Object(CFilterChain))
#3 E:\xampp\htdocs\yii\framework\web\filters\CInlineFilter.php(58): CController->filterAccessControl(Object(CFilterChain))
#4 E:\xampp\htdocs\yii\framework\web\filters\CFilterChain.php(130): CInlineFilter->filter(Object(CFilterChain))
#5 E:\xampp\htdocs\yii\framework\web\CController.php(291): CFilterChain->run()
#6 E:\xampp\htdocs\yii\framework\web\CController.php(265): CController->runActionWithFilters(Object(CInlineAction), Array)
#7 E:\xampp\htdocs\yii\framework\web\CWebApplication.php(282): CController->run('admin')
#8 E:\xampp\htdocs\yii\framework\web\CWebApplication.php(141): CWebApplication->runController('admin/admin')
#9 E:\xampp\htdocs\yii\framework\base\CApplication.php(185): CWebApplication->processRequest()
#10 E:\xampp\htdocs\testk24\index.php(13): CApplication->run()
#11 {main}
REQUEST_URI=/testk24/index.php?r=admin/admin
HTTP_REFERER=http://localhost:8080/testk24/index.php?r=admin
---
2017/03/24 16:48:07 [error] [exception.CHttpException.403] exception 'CHttpException' with message 'You are not authorized to perform this action.' in E:\xampp\htdocs\yii\framework\web\auth\CAccessControlFilter.php:182
Stack trace:
#0 E:\xampp\htdocs\yii\framework\web\auth\CAccessControlFilter.php(145): CAccessControlFilter->accessDenied(Object(CWebUser), 'You are not aut...')
#1 E:\xampp\htdocs\yii\framework\web\filters\CFilter.php(38): CAccessControlFilter->preFilter(Object(CFilterChain))
#2 E:\xampp\htdocs\yii\framework\web\CController.php(1145): CFilter->filter(Object(CFilterChain))
#3 E:\xampp\htdocs\yii\framework\web\filters\CInlineFilter.php(58): CController->filterAccessControl(Object(CFilterChain))
#4 E:\xampp\htdocs\yii\framework\web\filters\CFilterChain.php(130): CInlineFilter->filter(Object(CFilterChain))
#5 E:\xampp\htdocs\yii\framework\web\CController.php(291): CFilterChain->run()
#6 E:\xampp\htdocs\yii\framework\web\CController.php(265): CController->runActionWithFilters(Object(CInlineAction), Array)
#7 E:\xampp\htdocs\yii\framework\web\CWebApplication.php(282): CController->run('admin')
#8 E:\xampp\htdocs\yii\framework\web\CWebApplication.php(141): CWebApplication->runController('member/admin')
#9 E:\xampp\htdocs\yii\framework\base\CApplication.php(185): CWebApplication->processRequest()
#10 E:\xampp\htdocs\testk24\index.php(13): CApplication->run()
#11 {main}
REQUEST_URI=/testk24/index.php?r=member/admin
HTTP_REFERER=http://localhost:8080/testk24/index.php?r=member
---
2017/03/24 16:53:47 [error] [exception.CHttpException.403] exception 'CHttpException' with message 'You are not authorized to perform this action.' in E:\xampp\htdocs\yii\framework\web\auth\CAccessControlFilter.php:182
Stack trace:
#0 E:\xampp\htdocs\yii\framework\web\auth\CAccessControlFilter.php(145): CAccessControlFilter->accessDenied(Object(CWebUser), 'You are not aut...')
#1 E:\xampp\htdocs\yii\framework\web\filters\CFilter.php(38): CAccessControlFilter->preFilter(Object(CFilterChain))
#2 E:\xampp\htdocs\yii\framework\web\CController.php(1145): CFilter->filter(Object(CFilterChain))
#3 E:\xampp\htdocs\yii\framework\web\filters\CInlineFilter.php(58): CController->filterAccessControl(Object(CFilterChain))
#4 E:\xampp\htdocs\yii\framework\web\filters\CFilterChain.php(130): CInlineFilter->filter(Object(CFilterChain))
#5 E:\xampp\htdocs\yii\framework\web\CController.php(291): CFilterChain->run()
#6 E:\xampp\htdocs\yii\framework\web\CController.php(265): CController->runActionWithFilters(Object(CInlineAction), Array)
#7 E:\xampp\htdocs\yii\framework\web\CWebApplication.php(282): CController->run('admin')
#8 E:\xampp\htdocs\yii\framework\web\CWebApplication.php(141): CWebApplication->runController('member/admin')
#9 E:\xampp\htdocs\yii\framework\base\CApplication.php(185): CWebApplication->processRequest()
#10 E:\xampp\htdocs\testk24\index.php(13): CApplication->run()
#11 {main}
REQUEST_URI=/testk24/index.php?r=member/admin
HTTP_REFERER=http://localhost:8080/testk24/index.php?r=member/
---
2017/03/24 17:02:18 [error] [exception.CHttpException.403] exception 'CHttpException' with message 'You are not authorized to perform this action.' in E:\xampp\htdocs\yii\framework\web\auth\CAccessControlFilter.php:182
Stack trace:
#0 E:\xampp\htdocs\yii\framework\web\auth\CAccessControlFilter.php(145): CAccessControlFilter->accessDenied(Object(CWebUser), 'You are not aut...')
#1 E:\xampp\htdocs\yii\framework\web\filters\CFilter.php(38): CAccessControlFilter->preFilter(Object(CFilterChain))
#2 E:\xampp\htdocs\yii\framework\web\CController.php(1145): CFilter->filter(Object(CFilterChain))
#3 E:\xampp\htdocs\yii\framework\web\filters\CInlineFilter.php(58): CController->filterAccessControl(Object(CFilterChain))
#4 E:\xampp\htdocs\yii\framework\web\filters\CFilterChain.php(130): CInlineFilter->filter(Object(CFilterChain))
#5 E:\xampp\htdocs\yii\framework\web\CController.php(291): CFilterChain->run()
#6 E:\xampp\htdocs\yii\framework\web\CController.php(265): CController->runActionWithFilters(Object(CInlineAction), Array)
#7 E:\xampp\htdocs\yii\framework\web\CWebApplication.php(282): CController->run('admin')
#8 E:\xampp\htdocs\yii\framework\web\CWebApplication.php(141): CWebApplication->runController('member/admin')
#9 E:\xampp\htdocs\yii\framework\base\CApplication.php(185): CWebApplication->processRequest()
#10 E:\xampp\htdocs\testk24\index.php(13): CApplication->run()
#11 {main}
REQUEST_URI=/testk24/index.php?r=member/admin
HTTP_REFERER=http://localhost:8080/testk24/index.php?r=site/login
---
2017/03/24 17:06:17 [error] [exception.CHttpException.403] exception 'CHttpException' with message 'You are not authorized to perform this action.' in E:\xampp\htdocs\yii\framework\web\auth\CAccessControlFilter.php:182
Stack trace:
#0 E:\xampp\htdocs\yii\framework\web\auth\CAccessControlFilter.php(145): CAccessControlFilter->accessDenied(Object(CWebUser), 'You are not aut...')
#1 E:\xampp\htdocs\yii\framework\web\filters\CFilter.php(38): CAccessControlFilter->preFilter(Object(CFilterChain))
#2 E:\xampp\htdocs\yii\framework\web\CController.php(1145): CFilter->filter(Object(CFilterChain))
#3 E:\xampp\htdocs\yii\framework\web\filters\CInlineFilter.php(58): CController->filterAccessControl(Object(CFilterChain))
#4 E:\xampp\htdocs\yii\framework\web\filters\CFilterChain.php(130): CInlineFilter->filter(Object(CFilterChain))
#5 E:\xampp\htdocs\yii\framework\web\CController.php(291): CFilterChain->run()
#6 E:\xampp\htdocs\yii\framework\web\CController.php(265): CController->runActionWithFilters(Object(CInlineAction), Array)
#7 E:\xampp\htdocs\yii\framework\web\CWebApplication.php(282): CController->run('admin')
#8 E:\xampp\htdocs\yii\framework\web\CWebApplication.php(141): CWebApplication->runController('admin/admin')
#9 E:\xampp\htdocs\yii\framework\base\CApplication.php(185): CWebApplication->processRequest()
#10 E:\xampp\htdocs\testk24\index.php(13): CApplication->run()
#11 {main}
REQUEST_URI=/testk24/index.php?r=admin/admin
HTTP_REFERER=http://localhost:8080/testk24/index.php?r=admin
---
